#! /usr/local/Cellar/icarus-verilog/11.0/bin/vvp
:ivl_version "11.0 (stable)";
:ivl_delay_selection "TYPICAL";
:vpi_time_precision - 12;
:vpi_module "/usr/local/Cellar/icarus-verilog/11.0/lib/ivl/system.vpi";
:vpi_module "/usr/local/Cellar/icarus-verilog/11.0/lib/ivl/vhdl_sys.vpi";
:vpi_module "/usr/local/Cellar/icarus-verilog/11.0/lib/ivl/vhdl_textio.vpi";
:vpi_module "/usr/local/Cellar/icarus-verilog/11.0/lib/ivl/v2005_math.vpi";
:vpi_module "/usr/local/Cellar/icarus-verilog/11.0/lib/ivl/va_math.vpi";
S_0x7faa21c07f50 .scope module, "test" "test" 2 4;
 .timescale -9 -12;
v0x7faa21d05ae0_0 .var "a", 0 0;
v0x7faa21d05ba0_0 .var "b", 0 0;
v0x7faa21d05c50_0 .var "c", 0 0;
v0x7faa21d05d20_0 .var "d", 0 0;
v0x7faa21d05dd0_0 .var "e", 0 0;
v0x7faa21d05ea0_0 .var "f", 0 0;
v0x7faa21d05f30_0 .net "g", 0 0, L_0x7faa21d06290;  1 drivers
v0x7faa21d05fe0_0 .net "h", 0 0, L_0x7faa21d06520;  1 drivers
S_0x7faa21c080c0 .scope module, "uut" "matrix_vec_mul" 2 11, 3 9 0, S_0x7faa21c07f50;
 .timescale -9 -12;
    .port_info 0 /OUTPUT 1 "g";
    .port_info 1 /OUTPUT 1 "h";
    .port_info 2 /INPUT 1 "a";
    .port_info 3 /INPUT 1 "b";
    .port_info 4 /INPUT 1 "c";
    .port_info 5 /INPUT 1 "d";
    .port_info 6 /INPUT 1 "e";
    .port_info 7 /INPUT 1 "f";
L_0x7faa21d06070 .functor AND 1, v0x7faa21d05ae0_0, v0x7faa21d05dd0_0, C4<1>, C4<1>;
L_0x7faa21d061a0 .functor AND 1, v0x7faa21d05ba0_0, v0x7faa21d05ea0_0, C4<1>, C4<1>;
L_0x7faa21d06290 .functor OR 1, L_0x7faa21d06070, L_0x7faa21d061a0, C4<0>, C4<0>;
L_0x7faa21d063c0 .functor AND 1, v0x7faa21d05c50_0, v0x7faa21d05dd0_0, C4<1>, C4<1>;
L_0x7faa21d06470 .functor AND 1, v0x7faa21d05d20_0, v0x7faa21d05ea0_0, C4<1>, C4<1>;
L_0x7faa21d06520 .functor OR 1, L_0x7faa21d063c0, L_0x7faa21d06470, C4<0>, C4<0>;
v0x7faa21c07650_0 .net *"_ivl_0", 0 0, L_0x7faa21d06070;  1 drivers
v0x7faa21d04dd0_0 .net *"_ivl_2", 0 0, L_0x7faa21d061a0;  1 drivers
v0x7faa21d054a0_0 .net *"_ivl_6", 0 0, L_0x7faa21d063c0;  1 drivers
v0x7faa21d04b00_0 .net *"_ivl_8", 0 0, L_0x7faa21d06470;  1 drivers
v0x7faa21d05530_0 .net "a", 0 0, v0x7faa21d05ae0_0;  1 drivers
v0x7faa21d055c0_0 .net "b", 0 0, v0x7faa21d05ba0_0;  1 drivers
v0x7faa21d05650_0 .net "c", 0 0, v0x7faa21d05c50_0;  1 drivers
v0x7faa21d056e0_0 .net "d", 0 0, v0x7faa21d05d20_0;  1 drivers
v0x7faa21d05780_0 .net "e", 0 0, v0x7faa21d05dd0_0;  1 drivers
v0x7faa21d05890_0 .net "f", 0 0, v0x7faa21d05ea0_0;  1 drivers
v0x7faa21d05920_0 .net "g", 0 0, L_0x7faa21d06290;  alias, 1 drivers
v0x7faa21d059c0_0 .net "h", 0 0, L_0x7faa21d06520;  alias, 1 drivers
    .scope S_0x7faa21c07f50;
T_0 ;
    %pushi/vec4 0, 0, 1;
    %store/vec4 v0x7faa21d05ae0_0, 0, 1;
    %pushi/vec4 0, 0, 1;
    %store/vec4 v0x7faa21d05ba0_0, 0, 1;
    %pushi/vec4 0, 0, 1;
    %store/vec4 v0x7faa21d05c50_0, 0, 1;
    %pushi/vec4 0, 0, 1;
    %store/vec4 v0x7faa21d05d20_0, 0, 1;
    %pushi/vec4 0, 0, 1;
    %store/vec4 v0x7faa21d05dd0_0, 0, 1;
    %pushi/vec4 0, 0, 1;
    %store/vec4 v0x7faa21d05ea0_0, 0, 1;
    %vpi_call 2 24 "$dumpfile", "02_2x2_vec_mul_tb.vcd" {0 0 0};
    %vpi_call 2 25 "$dumpvars", 32'sb00000000000000000000000000000000, S_0x7faa21c07f50 {0 0 0};
    %delay 320000, 0;
    %vpi_call 2 28 "$finish" {0 0 0};
    %end;
    .thread T_0;
    .scope S_0x7faa21c07f50;
T_1 ;
    %delay 5000, 0;
    %load/vec4 v0x7faa21d05ae0_0;
    %inv;
    %store/vec4 v0x7faa21d05ae0_0, 0, 1;
    %jmp T_1;
    .thread T_1;
    .scope S_0x7faa21c07f50;
T_2 ;
    %delay 10000, 0;
    %load/vec4 v0x7faa21d05ba0_0;
    %inv;
    %store/vec4 v0x7faa21d05ba0_0, 0, 1;
    %jmp T_2;
    .thread T_2;
    .scope S_0x7faa21c07f50;
T_3 ;
    %delay 20000, 0;
    %load/vec4 v0x7faa21d05c50_0;
    %inv;
    %store/vec4 v0x7faa21d05c50_0, 0, 1;
    %jmp T_3;
    .thread T_3;
    .scope S_0x7faa21c07f50;
T_4 ;
    %delay 40000, 0;
    %load/vec4 v0x7faa21d05d20_0;
    %inv;
    %store/vec4 v0x7faa21d05d20_0, 0, 1;
    %jmp T_4;
    .thread T_4;
    .scope S_0x7faa21c07f50;
T_5 ;
    %delay 80000, 0;
    %load/vec4 v0x7faa21d05dd0_0;
    %inv;
    %store/vec4 v0x7faa21d05dd0_0, 0, 1;
    %jmp T_5;
    .thread T_5;
    .scope S_0x7faa21c07f50;
T_6 ;
    %delay 160000, 0;
    %load/vec4 v0x7faa21d05ea0_0;
    %inv;
    %store/vec4 v0x7faa21d05ea0_0, 0, 1;
    %jmp T_6;
    .thread T_6;
    .scope S_0x7faa21c07f50;
T_7 ;
    %vpi_call 2 48 "$monitor", "%d %d %d %d %d %d %d %d", v0x7faa21d05ae0_0, v0x7faa21d05ba0_0, v0x7faa21d05c50_0, v0x7faa21d05d20_0, v0x7faa21d05dd0_0, v0x7faa21d05ea0_0, v0x7faa21d05f30_0, v0x7faa21d05fe0_0, " " {0 0 0};
    %end;
    .thread T_7;
# The file index is used to find the file name in the following table.
:file_names 4;
    "N/A";
    "<interactive>";
    "02_2x2_vec_mul_tb.v";
    "02_2x2_vec_mul.v";
